<?xml version="1.0" encoding="UTF-8"?>
<!-- Generated by org.testng.reporters.JUnitReportReporter -->
<testsuite hostname="DCD01509" failures="0" tests="1" name="test_inspection.TC_DT_001" time="365.836" errors="0" timestamp="05 May 2021 07:43:39 GMT" skipped="0">
  <testcase classname="test_inspection.TC_DT_001" name="TC_DT_01" time="365.836"/>
</testsuite> <!-- test_inspection.TC_DT_001 -->
