<?xml version="1.0" encoding="UTF-8"?>
<!-- Generated by org.testng.reporters.JUnitReportReporter -->
<testsuite hostname="DCD01509" failures="0" tests="1" name="test_inspection.TC_011" time="72.965" errors="0" timestamp="02 Feb 2021 18:05:34 GMT" skipped="0">
  <testcase classname="test_inspection.TC_011" name="TC_11" time="72.965"/>
</testsuite> <!-- test_inspection.TC_011 -->
