<?xml version="1.0" encoding="UTF-8"?>
<!-- Generated by org.testng.reporters.JUnitReportReporter -->
<testsuite hostname="DCD01509" failures="0" tests="1" name="test_inspection.TC_DT_005" time="478.287" errors="0" timestamp="07 Apr 2021 07:06:04 GMT" skipped="0">
  <testcase classname="test_inspection.TC_DT_005" name="TC_DT_05" time="478.287"/>
</testsuite> <!-- test_inspection.TC_DT_005 -->
