<?xml version="1.0" encoding="UTF-8"?>
<!-- Generated by org.testng.reporters.JUnitReportReporter -->
<testsuite hostname="DCD01509" failures="0" tests="1" name="test_inspection.TC_DT_MBR_001" time="2595.914" errors="0" timestamp="07 Apr 2021 06:33:19 GMT" skipped="0">
  <testcase classname="test_inspection.TC_DT_MBR_001" name="TC_MBR_DT_01" time="2595.914"/>
</testsuite> <!-- test_inspection.TC_DT_MBR_001 -->
