<?xml version="1.0" encoding="UTF-8"?>
<!-- Generated by org.testng.reporters.JUnitReportReporter -->
<testsuite hostname="DCD01509" failures="0" tests="1" name="test_inspection.TC_002" time="2.116" errors="0" timestamp="31 Jan 2021 11:20:25 GMT" skipped="0">
  <testcase classname="test_inspection.TC_002" name="TC_02" time="2.116"/>
</testsuite> <!-- test_inspection.TC_002 -->
