<?xml version="1.0" encoding="UTF-8"?>
<!-- Generated by org.testng.reporters.JUnitReportReporter -->
<testsuite hostname="DCD01509" failures="0" tests="1" name="test_inspection.TC_MBR_Siebel_001" time="129.438" errors="0" timestamp="13 Apr 2021 14:08:51 GMT" skipped="0">
  <testcase classname="test_inspection.TC_MBR_Siebel_001" name="TC_MBR_Siebel_01" time="129.438"/>
</testsuite> <!-- test_inspection.TC_MBR_Siebel_001 -->
