<?xml version="1.0" encoding="UTF-8"?>
<!-- Generated by org.testng.reporters.JUnitReportReporter -->
<testsuite hostname="DCD01509" failures="0" tests="1" name="test_inspection.TC_MBR_Siebel_002" time="2176.447" errors="0" timestamp="07 Apr 2021 12:11:55 GMT" skipped="0">
  <testcase classname="test_inspection.TC_MBR_Siebel_002" name="TC_MBR_Siebel_02" time="2176.447"/>
</testsuite> <!-- test_inspection.TC_MBR_Siebel_002 -->
