<?xml version="1.0" encoding="UTF-8"?>
<!-- Generated by org.testng.reporters.JUnitReportReporter -->
<testsuite hostname="DCD01509" failures="0" tests="1" name="test_inspection.TC_DT_007" time="1323.941" errors="0" timestamp="07 Apr 2021 09:07:07 GMT" skipped="0">
  <testcase classname="test_inspection.TC_DT_007" name="TC_DT_07" time="1323.941"/>
</testsuite> <!-- test_inspection.TC_DT_007 -->
